This is pdfTeX, Version 3.14159265-2.6-1.40.19 (TeX Live 2018) (preloaded format=pdflatex 2018.7.17)  17 JUL 2018 12:35
entering extended mode
 restricted \write18 enabled.
 file:line:error style messages enabled.
 %&-line parsing enabled.
**Neu_jul17.tex
(./Neu_jul17.tex
LaTeX2e <2018-04-01> patch level 2
Babel <3.18> and hyphenation patterns for 84 language(s) loaded.
(/usr/local/texlive/2018/texmf-dist/tex/latex/base/article.cls
Document Class: article 2014/09/29 v1.4h Standard LaTeX document class
(/usr/local/texlive/2018/texmf-dist/tex/latex/base/size12.clo
File: size12.clo 2014/09/29 v1.4h Standard LaTeX file (size option)
)
\c@part=\count80
\c@section=\count81
\c@subsection=\count82
\c@subsubsection=\count83
\c@paragraph=\count84
\c@subparagraph=\count85
\c@figure=\count86
\c@table=\count87
\abovecaptionskip=\skip41
\belowcaptionskip=\skip42
\bibindent=\dimen102
) (/usr/local/texlive/2018/texmf-dist/tex/latex/base/inputenc.sty
Package: inputenc 2018/04/06 v1.3b Input encoding file
\inpenc@prehook=\toks14
\inpenc@posthook=\toks15
) (/usr/local/texlive/2018/texmf-dist/tex/generic/babel/babel.sty
Package: babel 2018/02/14 3.18 The Babel package
 (/usr/local/texlive/2018/texmf-dist/tex/generic/babel/switch.def
File: switch.def 2018/02/14 3.18 Babel switching mechanism
) (/usr/local/texlive/2018/texmf-dist/tex/generic/babel-english/english.ldf
Language: english 2017/06/06 v3.3r English support from the babel system
 (/usr/local/texlive/2018/texmf-dist/tex/generic/babel/babel.def
File: babel.def 2018/02/14 3.18 Babel common definitions
\babel@savecnt=\count88
\U@D=\dimen103
 (/usr/local/texlive/2018/texmf-dist/tex/generic/babel/txtbabel.def)
\bbl@dirlevel=\count89
)
\l@canadian = a dialect from \language\l@american 
\l@australian = a dialect from \language\l@british 
\l@newzealand = a dialect from \language\l@british 
)) (/usr/local/texlive/2018/texmf-dist/tex/latex/mathtools/mathtools.sty
Package: mathtools 2018/01/08 v1.21 mathematical typesetting tools
 (/usr/local/texlive/2018/texmf-dist/tex/latex/graphics/keyval.sty
Package: keyval 2014/10/28 v1.15 key=value parser (DPC)
\KV@toks@=\toks16
) (/usr/local/texlive/2018/texmf-dist/tex/latex/tools/calc.sty
Package: calc 2017/05/25 v4.3 Infix arithmetic (KKT,FJ)
\calc@Acount=\count90
\calc@Bcount=\count91
\calc@Adimen=\dimen104
\calc@Bdimen=\dimen105
\calc@Askip=\skip43
\calc@Bskip=\skip44
LaTeX Info: Redefining \setlength on input line 80.
LaTeX Info: Redefining \addtolength on input line 81.
\calc@Ccount=\count92
\calc@Cskip=\skip45
) (/usr/local/texlive/2018/texmf-dist/tex/latex/mathtools/mhsetup.sty
Package: mhsetup 2017/03/31 v1.3 programming setup (MH)
) (/usr/local/texlive/2018/texmf-dist/tex/latex/amsmath/amsmath.sty
Package: amsmath 2017/09/02 v2.17a AMS math features
\@mathmargin=\skip46

For additional information on amsmath, use the `?' option.
(/usr/local/texlive/2018/texmf-dist/tex/latex/amsmath/amstext.sty
Package: amstext 2000/06/29 v2.01 AMS text
 (/usr/local/texlive/2018/texmf-dist/tex/latex/amsmath/amsgen.sty
File: amsgen.sty 1999/11/30 v2.0 generic functions
\@emptytoks=\toks17
\ex@=\dimen106
)) (/usr/local/texlive/2018/texmf-dist/tex/latex/amsmath/amsbsy.sty
Package: amsbsy 1999/11/29 v1.2d Bold Symbols
\pmbraise@=\dimen107
) (/usr/local/texlive/2018/texmf-dist/tex/latex/amsmath/amsopn.sty
Package: amsopn 2016/03/08 v2.02 operator names
)
\inf@bad=\count93
LaTeX Info: Redefining \frac on input line 213.
\uproot@=\count94
\leftroot@=\count95
LaTeX Info: Redefining \overline on input line 375.
\classnum@=\count96
\DOTSCASE@=\count97
LaTeX Info: Redefining \ldots on input line 472.
LaTeX Info: Redefining \dots on input line 475.
LaTeX Info: Redefining \cdots on input line 596.
\Mathstrutbox@=\box26
\strutbox@=\box27
\big@size=\dimen108
LaTeX Font Info:    Redeclaring font encoding OML on input line 712.
LaTeX Font Info:    Redeclaring font encoding OMS on input line 713.
\macc@depth=\count98
\c@MaxMatrixCols=\count99
\dotsspace@=\muskip10
\c@parentequation=\count100
\dspbrk@lvl=\count101
\tag@help=\toks18
\row@=\count102
\column@=\count103
\maxfields@=\count104
\andhelp@=\toks19
\eqnshift@=\dimen109
\alignsep@=\dimen110
\tagshift@=\dimen111
\tagwidth@=\dimen112
\totwidth@=\dimen113
\lineht@=\dimen114
\@envbody=\toks20
\multlinegap=\skip47
\multlinetaggap=\skip48
\mathdisplay@stack=\toks21
LaTeX Info: Redefining \[ on input line 2817.
LaTeX Info: Redefining \] on input line 2818.
)
LaTeX Info: Thecontrolsequence`\('isalreadyrobust on input line 129.
LaTeX Info: Thecontrolsequence`\)'isalreadyrobust on input line 129.
LaTeX Info: Thecontrolsequence`\['isalreadyrobust on input line 129.
LaTeX Info: Thecontrolsequence`\]'isalreadyrobust on input line 129.
\g_MT_multlinerow_int=\count105
\l_MT_multwidth_dim=\dimen115
\origjot=\skip49
\l_MT_shortvdotswithinadjustabove_dim=\dimen116
\l_MT_shortvdotswithinadjustbelow_dim=\dimen117
\l_MT_above_intertext_sep=\dimen118
\l_MT_below_intertext_sep=\dimen119
\l_MT_above_shortintertext_sep=\dimen120
\l_MT_below_shortintertext_sep=\dimen121
) (/usr/local/texlive/2018/texmf-dist/tex/latex/titling/titling.sty
Package: titling 2009/09/04 v2.1d maketitle typesetting
\thanksmarkwidth=\skip50
\thanksmargin=\skip51
\droptitle=\skip52
) (/usr/local/texlive/2018/texmf-dist/tex/latex/amsfonts/amsfonts.sty
Package: amsfonts 2013/01/14 v3.01 Basic AMSFonts support
\symAMSa=\mathgroup4
\symAMSb=\mathgroup5
LaTeX Font Info:    Overwriting math alphabet `\mathfrak' in version `bold'
(Font)                  U/euf/m/n --> U/euf/b/n on input line 106.
) (/usr/local/texlive/2018/texmf-dist/tex/latex/amsfonts/amssymb.sty
Package: amssymb 2013/01/14 v3.01 AMS font symbols
) (/usr/local/texlive/2018/texmf-dist/tex/latex/amscls/amsthm.sty
Package: amsthm 2017/10/31 v2.20.4
\thm@style=\toks22
\thm@bodyfont=\toks23
\thm@headfont=\toks24
\thm@notefont=\toks25
\thm@headpunct=\toks26
\thm@preskip=\skip53
\thm@postskip=\skip54
\thm@headsep=\skip55
\dth@everypar=\toks27
) (/usr/local/texlive/2018/texmf-dist/tex/latex/pgfplots/pgfplots.sty (/usr/local/texlive/2018/texmf-dist/tex/generic/pgfplots/pgfplots.revision.tex)
Package: pgfplots 2018/03/28 v1.16 Data Visualization (1.16)
 (/usr/local/texlive/2018/texmf-dist/tex/latex/graphics/graphicx.sty
Package: graphicx 2017/06/01 v1.1a Enhanced LaTeX Graphics (DPC,SPQR)
 (/usr/local/texlive/2018/texmf-dist/tex/latex/graphics/graphics.sty
Package: graphics 2017/06/25 v1.2c Standard LaTeX Graphics (DPC,SPQR)
 (/usr/local/texlive/2018/texmf-dist/tex/latex/graphics/trig.sty
Package: trig 2016/01/03 v1.10 sin cos tan (DPC)
) (/usr/local/texlive/2018/texmf-dist/tex/latex/graphics-cfg/graphics.cfg
File: graphics.cfg 2016/06/04 v1.11 sample graphics configuration
)
Package graphics Info: Driver file: pdftex.def on input line 99.
 (/usr/local/texlive/2018/texmf-dist/tex/latex/graphics-def/pdftex.def
File: pdftex.def 2018/01/08 v1.0l Graphics/color driver for pdftex
))
\Gin@req@height=\dimen122
\Gin@req@width=\dimen123
) (/usr/local/texlive/2018/texmf-dist/tex/latex/pgf/frontendlayer/tikz.sty (/usr/local/texlive/2018/texmf-dist/tex/latex/pgf/basiclayer/pgf.sty (/usr/local/texlive/2018/texmf-dist/tex/latex/pgf/utilities/pgfrcs.sty (/usr/local/texlive/2018/texmf-dist/tex/generic/pgf/utilities/pgfutil-common.tex
\pgfutil@everybye=\toks28
\pgfutil@tempdima=\dimen124
\pgfutil@tempdimb=\dimen125
 (/usr/local/texlive/2018/texmf-dist/tex/generic/pgf/utilities/pgfutil-common-lists.tex)) (/usr/local/texlive/2018/texmf-dist/tex/generic/pgf/utilities/pgfutil-latex.def
\pgfutil@abb=\box28
 (/usr/local/texlive/2018/texmf-dist/tex/latex/ms/everyshi.sty
Package: everyshi 2001/05/15 v3.00 EveryShipout Package (MS)
)) (/usr/local/texlive/2018/texmf-dist/tex/generic/pgf/utilities/pgfrcs.code.tex
Package: pgfrcs 2015/08/07 v3.0.1a (rcs-revision 1.31)
))
Package: pgf 2015/08/07 v3.0.1a (rcs-revision 1.15)
 (/usr/local/texlive/2018/texmf-dist/tex/latex/pgf/basiclayer/pgfcore.sty (/usr/local/texlive/2018/texmf-dist/tex/latex/pgf/systemlayer/pgfsys.sty (/usr/local/texlive/2018/texmf-dist/tex/generic/pgf/systemlayer/pgfsys.code.tex
Package: pgfsys 2014/07/09 v3.0.1a (rcs-revision 1.48)
 (/usr/local/texlive/2018/texmf-dist/tex/generic/pgf/utilities/pgfkeys.code.tex
\pgfkeys@pathtoks=\toks29
\pgfkeys@temptoks=\toks30
 (/usr/local/texlive/2018/texmf-dist/tex/generic/pgf/utilities/pgfkeysfiltered.code.tex
\pgfkeys@tmptoks=\toks31
))
\pgf@x=\dimen126
\pgf@y=\dimen127
\pgf@xa=\dimen128
\pgf@ya=\dimen129
\pgf@xb=\dimen130
\pgf@yb=\dimen131
\pgf@xc=\dimen132
\pgf@yc=\dimen133
\w@pgf@writea=\write3
\r@pgf@reada=\read1
\c@pgf@counta=\count106
\c@pgf@countb=\count107
\c@pgf@countc=\count108
\c@pgf@countd=\count109
\t@pgf@toka=\toks32
\t@pgf@tokb=\toks33
\t@pgf@tokc=\toks34

(/usr/local/texlive/2018/texmf-dist/tex/generic/pgf/systemlayer/pgf.cfg
File: pgf.cfg 2008/05/14  (rcs-revision 1.7)
)
Driver file for pgf: pgfsys-pdftex.def
 (/usr/local/texlive/2018/texmf-dist/tex/generic/pgf/systemlayer/pgfsys-pdftex.def
File: pgfsys-pdftex.def 2014/10/11  (rcs-revision 1.35)
 (/usr/local/texlive/2018/texmf-dist/tex/generic/pgf/systemlayer/pgfsys-common-pdf.def
File: pgfsys-common-pdf.def 2013/10/10  (rcs-revision 1.13)
))) (/usr/local/texlive/2018/texmf-dist/tex/generic/pgf/systemlayer/pgfsyssoftpath.code.tex
File: pgfsyssoftpath.code.tex 2013/09/09  (rcs-revision 1.9)
\pgfsyssoftpath@smallbuffer@items=\count110
\pgfsyssoftpath@bigbuffer@items=\count111
) (/usr/local/texlive/2018/texmf-dist/tex/generic/pgf/systemlayer/pgfsysprotocol.code.tex
File: pgfsysprotocol.code.tex 2006/10/16  (rcs-revision 1.4)
)) (/usr/local/texlive/2018/texmf-dist/tex/latex/xcolor/xcolor.sty
Package: xcolor 2016/05/11 v2.12 LaTeX color extensions (UK)
 (/usr/local/texlive/2018/texmf-dist/tex/latex/graphics-cfg/color.cfg
File: color.cfg 2016/01/02 v1.6 sample color configuration
)
Package xcolor Info: Driver file: pdftex.def on input line 225.
Package xcolor Info: Model `cmy' substituted by `cmy0' on input line 1348.
Package xcolor Info: Model `hsb' substituted by `rgb' on input line 1352.
Package xcolor Info: Model `RGB' extended on input line 1364.
Package xcolor Info: Model `HTML' substituted by `rgb' on input line 1366.
Package xcolor Info: Model `Hsb' substituted by `hsb' on input line 1367.
Package xcolor Info: Model `tHsb' substituted by `hsb' on input line 1368.
Package xcolor Info: Model `HSB' substituted by `hsb' on input line 1369.
Package xcolor Info: Model `Gray' substituted by `gray' on input line 1370.
Package xcolor Info: Model `wave' substituted by `hsb' on input line 1371.
) (/usr/local/texlive/2018/texmf-dist/tex/generic/pgf/basiclayer/pgfcore.code.tex
Package: pgfcore 2010/04/11 v3.0.1a (rcs-revision 1.7)
 (/usr/local/texlive/2018/texmf-dist/tex/generic/pgf/math/pgfmath.code.tex (/usr/local/texlive/2018/texmf-dist/tex/generic/pgf/math/pgfmathcalc.code.tex (/usr/local/texlive/2018/texmf-dist/tex/generic/pgf/math/pgfmathutil.code.tex) (/usr/local/texlive/2018/texmf-dist/tex/generic/pgf/math/pgfmathparser.code.tex
\pgfmath@dimen=\dimen134
\pgfmath@count=\count112
\pgfmath@box=\box29
\pgfmath@toks=\toks35
\pgfmath@stack@operand=\toks36
\pgfmath@stack@operation=\toks37
) (/usr/local/texlive/2018/texmf-dist/tex/generic/pgf/math/pgfmathfunctions.code.tex (/usr/local/texlive/2018/texmf-dist/tex/generic/pgf/math/pgfmathfunctions.basic.code.tex) (/usr/local/texlive/2018/texmf-dist/tex/generic/pgf/math/pgfmathfunctions.trigonometric.code.tex) (/usr/local/texlive/2018/texmf-dist/tex/generic/pgf/math/pgfmathfunctions.random.code.tex) (/usr/local/texlive/2018/texmf-dist/tex/generic/pgf/math/pgfmathfunctions.comparison.code.tex) (/usr/local/texlive/2018/texmf-dist/tex/generic/pgf/math/pgfmathfunctions.base.code.tex) (/usr/local/texlive/2018/texmf-dist/tex/generic/pgf/math/pgfmathfunctions.round.code.tex) (/usr/local/texlive/2018/texmf-dist/tex/generic/pgf/math/pgfmathfunctions.misc.code.tex) (/usr/local/texlive/2018/texmf-dist/tex/generic/pgf/math/pgfmathfunctions.integerarithmetics.code.tex))) (/usr/local/texlive/2018/texmf-dist/tex/generic/pgf/math/pgfmathfloat.code.tex
\c@pgfmathroundto@lastzeros=\count113
)) (/usr/local/texlive/2018/texmf-dist/tex/generic/pgf/basiclayer/pgfcorepoints.code.tex
File: pgfcorepoints.code.tex 2013/10/07  (rcs-revision 1.27)
\pgf@picminx=\dimen135
\pgf@picmaxx=\dimen136
\pgf@picminy=\dimen137
\pgf@picmaxy=\dimen138
\pgf@pathminx=\dimen139
\pgf@pathmaxx=\dimen140
\pgf@pathminy=\dimen141
\pgf@pathmaxy=\dimen142
\pgf@xx=\dimen143
\pgf@xy=\dimen144
\pgf@yx=\dimen145
\pgf@yy=\dimen146
\pgf@zx=\dimen147
\pgf@zy=\dimen148
) (/usr/local/texlive/2018/texmf-dist/tex/generic/pgf/basiclayer/pgfcorepathconstruct.code.tex
File: pgfcorepathconstruct.code.tex 2013/10/07  (rcs-revision 1.29)
\pgf@path@lastx=\dimen149
\pgf@path@lasty=\dimen150
)
(/usr/local/texlive/2018/texmf-dist/tex/generic/pgf/basiclayer/pgfcorepathusage.code.tex
File: pgfcorepathusage.code.tex 2014/11/02  (rcs-revision 1.24)
\pgf@shorten@end@additional=\dimen151
\pgf@shorten@start@additional=\dimen152
) (/usr/local/texlive/2018/texmf-dist/tex/generic/pgf/basiclayer/pgfcorescopes.code.tex
File: pgfcorescopes.code.tex 2015/05/08  (rcs-revision 1.46)
\pgfpic=\box30
\pgf@hbox=\box31
\pgf@layerbox@main=\box32
\pgf@picture@serial@count=\count114
) (/usr/local/texlive/2018/texmf-dist/tex/generic/pgf/basiclayer/pgfcoregraphicstate.code.tex
File: pgfcoregraphicstate.code.tex 2014/11/02  (rcs-revision 1.12)
\pgflinewidth=\dimen153
) (/usr/local/texlive/2018/texmf-dist/tex/generic/pgf/basiclayer/pgfcoretransformations.code.tex
File: pgfcoretransformations.code.tex 2015/08/07  (rcs-revision 1.20)
\pgf@pt@x=\dimen154
\pgf@pt@y=\dimen155
\pgf@pt@temp=\dimen156
) (/usr/local/texlive/2018/texmf-dist/tex/generic/pgf/basiclayer/pgfcorequick.code.tex
File: pgfcorequick.code.tex 2008/10/09  (rcs-revision 1.3)
) (/usr/local/texlive/2018/texmf-dist/tex/generic/pgf/basiclayer/pgfcoreobjects.code.tex
File: pgfcoreobjects.code.tex 2006/10/11  (rcs-revision 1.2)
) (/usr/local/texlive/2018/texmf-dist/tex/generic/pgf/basiclayer/pgfcorepathprocessing.code.tex
File: pgfcorepathprocessing.code.tex 2013/09/09  (rcs-revision 1.9)
) (/usr/local/texlive/2018/texmf-dist/tex/generic/pgf/basiclayer/pgfcorearrows.code.tex
File: pgfcorearrows.code.tex 2015/05/14  (rcs-revision 1.43)
\pgfarrowsep=\dimen157
) (/usr/local/texlive/2018/texmf-dist/tex/generic/pgf/basiclayer/pgfcoreshade.code.tex
File: pgfcoreshade.code.tex 2013/07/15  (rcs-revision 1.15)
\pgf@max=\dimen158
\pgf@sys@shading@range@num=\count115
) (/usr/local/texlive/2018/texmf-dist/tex/generic/pgf/basiclayer/pgfcoreimage.code.tex
File: pgfcoreimage.code.tex 2013/07/15  (rcs-revision 1.18)
 (/usr/local/texlive/2018/texmf-dist/tex/generic/pgf/basiclayer/pgfcoreexternal.code.tex
File: pgfcoreexternal.code.tex 2014/07/09  (rcs-revision 1.21)
\pgfexternal@startupbox=\box33
)) (/usr/local/texlive/2018/texmf-dist/tex/generic/pgf/basiclayer/pgfcorelayers.code.tex
File: pgfcorelayers.code.tex 2013/07/18  (rcs-revision 1.7)
) (/usr/local/texlive/2018/texmf-dist/tex/generic/pgf/basiclayer/pgfcoretransparency.code.tex
File: pgfcoretransparency.code.tex 2013/09/30  (rcs-revision 1.5)
) (/usr/local/texlive/2018/texmf-dist/tex/generic/pgf/basiclayer/pgfcorepatterns.code.tex
File: pgfcorepatterns.code.tex 2013/11/07  (rcs-revision 1.5)
))) (/usr/local/texlive/2018/texmf-dist/tex/generic/pgf/modules/pgfmoduleshapes.code.tex
File: pgfmoduleshapes.code.tex 2014/03/21  (rcs-revision 1.35)
\pgfnodeparttextbox=\box34
) (/usr/local/texlive/2018/texmf-dist/tex/generic/pgf/modules/pgfmoduleplot.code.tex
File: pgfmoduleplot.code.tex 2015/08/03  (rcs-revision 1.13)
) (/usr/local/texlive/2018/texmf-dist/tex/latex/pgf/compatibility/pgfcomp-version-0-65.sty
Package: pgfcomp-version-0-65 2007/07/03 v3.0.1a (rcs-revision 1.7)
\pgf@nodesepstart=\dimen159
\pgf@nodesepend=\dimen160
) (/usr/local/texlive/2018/texmf-dist/tex/latex/pgf/compatibility/pgfcomp-version-1-18.sty
Package: pgfcomp-version-1-18 2007/07/23 v3.0.1a (rcs-revision 1.1)
)) (/usr/local/texlive/2018/texmf-dist/tex/latex/pgf/utilities/pgffor.sty (/usr/local/texlive/2018/texmf-dist/tex/latex/pgf/utilities/pgfkeys.sty (/usr/local/texlive/2018/texmf-dist/tex/generic/pgf/utilities/pgfkeys.code.tex)) (/usr/local/texlive/2018/texmf-dist/tex/latex/pgf/math/pgfmath.sty (/usr/local/texlive/2018/texmf-dist/tex/generic/pgf/math/pgfmath.code.tex))
(/usr/local/texlive/2018/texmf-dist/tex/generic/pgf/utilities/pgffor.code.tex
Package: pgffor 2013/12/13 v3.0.1a (rcs-revision 1.25)
 (/usr/local/texlive/2018/texmf-dist/tex/generic/pgf/math/pgfmath.code.tex)
\pgffor@iter=\dimen161
\pgffor@skip=\dimen162
\pgffor@stack=\toks38
\pgffor@toks=\toks39
)) (/usr/local/texlive/2018/texmf-dist/tex/generic/pgf/frontendlayer/tikz/tikz.code.tex
Package: tikz 2015/08/07 v3.0.1a (rcs-revision 1.151)
 (/usr/local/texlive/2018/texmf-dist/tex/generic/pgf/libraries/pgflibraryplothandlers.code.tex
File: pgflibraryplothandlers.code.tex 2013/08/31 v3.0.1a (rcs-revision 1.20)
\pgf@plot@mark@count=\count116
\pgfplotmarksize=\dimen163
)
\tikz@lastx=\dimen164
\tikz@lasty=\dimen165
\tikz@lastxsaved=\dimen166
\tikz@lastysaved=\dimen167
\tikzleveldistance=\dimen168
\tikzsiblingdistance=\dimen169
\tikz@figbox=\box35
\tikz@figbox@bg=\box36
\tikz@tempbox=\box37
\tikz@tempbox@bg=\box38
\tikztreelevel=\count117
\tikznumberofchildren=\count118
\tikznumberofcurrentchild=\count119
\tikz@fig@count=\count120
 (/usr/local/texlive/2018/texmf-dist/tex/generic/pgf/modules/pgfmodulematrix.code.tex
File: pgfmodulematrix.code.tex 2013/09/17  (rcs-revision 1.8)
\pgfmatrixcurrentrow=\count121
\pgfmatrixcurrentcolumn=\count122
\pgf@matrix@numberofcolumns=\count123
)
\tikz@expandcount=\count124
 (/usr/local/texlive/2018/texmf-dist/tex/generic/pgf/frontendlayer/tikz/libraries/tikzlibrarytopaths.code.tex
File: tikzlibrarytopaths.code.tex 2008/06/17 v3.0.1a (rcs-revision 1.2)
))) (/usr/local/texlive/2018/texmf-dist/tex/generic/pgfplots/pgfplots.code.tex (/usr/local/texlive/2018/texmf-dist/tex/generic/pgfplots/pgfplotscore.code.tex
\t@pgfplots@toka=\toks40
\t@pgfplots@tokb=\toks41
\t@pgfplots@tokc=\toks42
\pgfplots@tmpa=\dimen170
\c@pgfplots@coordindex=\count125
\c@pgfplots@scanlineindex=\count126
 (/usr/local/texlive/2018/texmf-dist/tex/generic/pgfplots/sys/pgfplotssysgeneric.code.tex)) (/usr/local/texlive/2018/texmf-dist/tex/generic/pgfplots/libs/pgfplotslibrary.code.tex) (/usr/local/texlive/2018/texmf-dist/tex/generic/pgfplots/oldpgfcompatib/pgfplotsoldpgfsupp_loader.code.tex (/usr/local/texlive/2018/texmf-dist/tex/generic/pgf/libraries/pgflibraryfpu.code.tex)
Package pgfplots: loading complementary arithmetics for your pgf version...
(/usr/local/texlive/2018/texmf-dist/tex/generic/pgfplots/oldpgfcompatib/pgfplotsoldpgfsupp_pgflibraryfpu.code.tex) (/usr/local/texlive/2018/texmf-dist/tex/generic/pgfplots/oldpgfcompatib/pgfplotsoldpgfsupp_pgfmathfloat.code.tex
\c@pgfmathroundto@lastzeros=\count127
) (/usr/local/texlive/2018/texmf-dist/tex/generic/pgfplots/oldpgfcompatib/pgfplotsoldpgfsupp_leq.code.tex)) (/usr/local/texlive/2018/texmf-dist/tex/generic/pgfplots/util/pgfplotsutil.code.tex (/usr/local/texlive/2018/texmf-dist/tex/generic/pgfplots/liststructure/pgfplotsliststructure.code.tex) (/usr/local/texlive/2018/texmf-dist/tex/generic/pgfplots/liststructure/pgfplotsliststructureext.code.tex) (/usr/local/texlive/2018/texmf-dist/tex/generic/pgfplots/liststructure/pgfplotsarray.code.tex
\c@pgfplotsarray@tmp=\count128
) (/usr/local/texlive/2018/texmf-dist/tex/generic/pgfplots/liststructure/pgfplotsmatrix.code.tex) (/usr/local/texlive/2018/texmf-dist/tex/generic/pgfplots/numtable/pgfplotstableshared.code.tex
\c@pgfplotstable@counta=\count129
\t@pgfplotstable@a=\toks43
) (/usr/local/texlive/2018/texmf-dist/tex/generic/pgfplots/liststructure/pgfplotsdeque.code.tex) (/usr/local/texlive/2018/texmf-dist/tex/generic/pgfplots/util/pgfplotsbinary.code.tex (/usr/local/texlive/2018/texmf-dist/tex/generic/pgfplots/util/pgfplotsbinary.data.code.tex)) (/usr/local/texlive/2018/texmf-dist/tex/generic/pgfplots/util/pgfplotsutil.verb.code.tex) (/usr/local/texlive/2018/texmf-dist/tex/generic/pgfplots/libs/pgflibrarypgfplots.surfshading.code.tex
\c@pgfplotslibrarysurf@no=\count130
 (/usr/local/texlive/2018/texmf-dist/tex/generic/pgfplots/sys/pgflibrarypgfplots.surfshading.pgfsys-pdftex.def))) (/usr/local/texlive/2018/texmf-dist/tex/generic/pgfplots/util/pgfplotscolormap.code.tex (/usr/local/texlive/2018/texmf-dist/tex/generic/pgfplots/util/pgfplotscolor.code.tex)) (/usr/local/texlive/2018/texmf-dist/tex/generic/pgfplots/pgfplotsstackedplots.code.tex) (/usr/local/texlive/2018/texmf-dist/tex/generic/pgfplots/pgfplotsplothandlers.code.tex (/usr/local/texlive/2018/texmf-dist/tex/generic/pgfplots/pgfplotsmeshplothandler.code.tex (/usr/local/texlive/2018/texmf-dist/tex/generic/pgfplots/pgfplotsmeshplotimage.code.tex)))
(/usr/local/texlive/2018/texmf-dist/tex/generic/pgfplots/pgfplots.scaling.code.tex) (/usr/local/texlive/2018/texmf-dist/tex/generic/pgfplots/pgfplotscoordprocessing.code.tex) (/usr/local/texlive/2018/texmf-dist/tex/generic/pgfplots/pgfplots.errorbars.code.tex) (/usr/local/texlive/2018/texmf-dist/tex/generic/pgfplots/pgfplots.markers.code.tex) (/usr/local/texlive/2018/texmf-dist/tex/generic/pgfplots/pgfplotsticks.code.tex) (/usr/local/texlive/2018/texmf-dist/tex/generic/pgfplots/pgfplots.paths.code.tex) (/usr/local/texlive/2018/texmf-dist/tex/generic/pgf/frontendlayer/tikz/libraries/tikzlibrarydecorations.code.tex (/usr/local/texlive/2018/texmf-dist/tex/generic/pgf/modules/pgfmoduledecorations.code.tex
\pgfdecoratedcompleteddistance=\dimen171
\pgfdecoratedremainingdistance=\dimen172
\pgfdecoratedinputsegmentcompleteddistance=\dimen173
\pgfdecoratedinputsegmentremainingdistance=\dimen174
\pgf@decorate@distancetomove=\dimen175
\pgf@decorate@repeatstate=\count131
\pgfdecorationsegmentamplitude=\dimen176
\pgfdecorationsegmentlength=\dimen177
)
\tikz@lib@dec@box=\box39
) (/usr/local/texlive/2018/texmf-dist/tex/generic/pgf/frontendlayer/tikz/libraries/tikzlibrarydecorations.pathmorphing.code.tex (/usr/local/texlive/2018/texmf-dist/tex/generic/pgf/libraries/decorations/pgflibrarydecorations.pathmorphing.code.tex)) (/usr/local/texlive/2018/texmf-dist/tex/generic/pgf/frontendlayer/tikz/libraries/tikzlibrarydecorations.pathreplacing.code.tex (/usr/local/texlive/2018/texmf-dist/tex/generic/pgf/libraries/decorations/pgflibrarydecorations.pathreplacing.code.tex))
\pgfplots@numplots=\count132
\pgfplots@xmin@reg=\dimen178
\pgfplots@xmax@reg=\dimen179
\pgfplots@ymin@reg=\dimen180
\pgfplots@ymax@reg=\dimen181
\pgfplots@zmin@reg=\dimen182
\pgfplots@zmax@reg=\dimen183
) (/usr/local/texlive/2018/texmf-dist/tex/generic/pgf/frontendlayer/tikz/libraries/tikzlibraryplotmarks.code.tex
File: tikzlibraryplotmarks.code.tex 2008/01/09 v3.0.1a (rcs-revision 1.1)
 (/usr/local/texlive/2018/texmf-dist/tex/generic/pgf/libraries/pgflibraryplotmarks.code.tex
File: pgflibraryplotmarks.code.tex 2015/08/03 v3.0.1a (rcs-revision 1.14)
))) (/usr/local/texlive/2018/texmf-dist/tex/latex/subfig/subfig.sty
Package: subfig 2005/06/28 ver: 1.3 subfig package
 (/usr/local/texlive/2018/texmf-dist/tex/latex/caption/caption3.sty
Package: caption3 2016/05/22 v1.7-166 caption3 kernel (AR)
Package caption3 Info: TeX engine: e-TeX on input line 67.
\captionmargin=\dimen184
\captionmargin@=\dimen185
\captionwidth=\dimen186
\caption@tempdima=\dimen187
\caption@indent=\dimen188
\caption@parindent=\dimen189
\caption@hangindent=\dimen190
)
\c@KVtest=\count133
\sf@farskip=\skip56
\sf@captopadj=\dimen191
\sf@capskip=\skip57
\sf@nearskip=\skip58
\c@subfigure=\count134
\c@subfigure@save=\count135
\c@lofdepth=\count136
\c@subtable=\count137
\c@subtable@save=\count138
\c@lotdepth=\count139
\sf@top=\skip59
\sf@bottom=\skip60
) (/usr/local/texlive/2018/texmf-dist/tex/latex/caption/caption.sty
Package: caption 2016/02/21 v3.3-144 Customizing captions (AR)
\c@ContinuedFloat=\count140
) (/usr/local/texlive/2018/texmf-dist/tex/latex/tikz-3dplot/tikz-3dplot.sty (/usr/local/texlive/2018/texmf-dist/tex/latex/base/ifthen.sty
Package: ifthen 2014/09/29 v1.1c Standard LaTeX ifthen package (DPC)
) (/usr/local/texlive/2018/texmf-dist/tex/generic/pgf/frontendlayer/tikz/libraries/tikzlibrarycalc.code.tex
File: tikzlibrarycalc.code.tex 2013/07/15 v3.0.1a (rcs-revision 1.9)
) (/usr/local/texlive/2018/texmf-dist/tex/generic/pgf/frontendlayer/tikz/libraries/tikzlibrary3d.code.tex
File: tikzlibrary3d.code.tex 2013/07/17 v3.0.1a (rcs-revision 1.2)
)
(/usr/local/texlive/2018/texmf-dist/tex/generic/pgf/frontendlayer/tikz/libraries/tikzlibraryarrows.code.tex
File: tikzlibraryarrows.code.tex 2008/01/09 v3.0.1a (rcs-revision 1.1)
 (/usr/local/texlive/2018/texmf-dist/tex/generic/pgf/libraries/pgflibraryarrows.code.tex
File: pgflibraryarrows.code.tex 2013/09/23 v3.0.1a (rcs-revision 1.16)
\arrowsize=\dimen192
))) (/usr/local/texlive/2018/texmf-dist/tex/latex/caption/subcaption.sty
Package: subcaption 2016/05/22 v1.1-161 Sub-captions (AR)


/usr/local/texlive/2018/texmf-dist/tex/latex/caption/subcaption.sty:63: Package subcaption Error: This package can't be used in cooperation
(subcaption)                with the subfig package.

See the subcaption package documentation for explanation.
Type  H <return>  for immediate help.
 ...                                              
                                                  
l.63 \subcaption@CheckCompatibility
                                   
If you do not understand this error, please take a closer look
at the documentation of the `subcaption' package, especially the
section about errors.
Try typing  <return>  to proceed.
If that doesn't work, type  X <return>  to quit.

) (/usr/local/texlive/2018/texmf-dist/tex/latex/float/float.sty
Package: float 2001/11/08 v1.3d Float enhancements (AL)
\c@float@type=\count141
\float@exts=\toks44
\float@box=\box40
\@float@everytoks=\toks45
\@floatcapt=\box41
) (/usr/local/texlive/2018/texmf-dist/tex/latex/adjustbox/adjustbox.sty
Package: adjustbox 2018/04/08 v1.1 Adjusting TeX boxes (trim, clip, ...)
 (/usr/local/texlive/2018/texmf-dist/tex/latex/xkeyval/xkeyval.sty
Package: xkeyval 2014/12/03 v2.7a package option processing (HA)
 (/usr/local/texlive/2018/texmf-dist/tex/generic/xkeyval/xkeyval.tex (/usr/local/texlive/2018/texmf-dist/tex/generic/xkeyval/xkvutils.tex
\XKV@toks=\toks46
\XKV@tempa@toks=\toks47
)
\XKV@depth=\count142
File: xkeyval.tex 2014/12/03 v2.7a key=value parser (HA)
)) (/usr/local/texlive/2018/texmf-dist/tex/latex/adjustbox/adjcalc.sty
Package: adjcalc 2012/05/16 v1.1 Provides advanced setlength with multiple back-ends (calc, etex, pgfmath)
) (/usr/local/texlive/2018/texmf-dist/tex/latex/adjustbox/trimclip.sty
Package: trimclip 2018/04/08 v1.1 Trim and clip general TeX material
 (/usr/local/texlive/2018/texmf-dist/tex/latex/collectbox/collectbox.sty
Package: collectbox 2012/05/17 v0.4b Collect macro arguments as boxes
\collectedbox=\box42
)
\tc@llx=\dimen193
\tc@lly=\dimen194
\tc@urx=\dimen195
\tc@ury=\dimen196
Package trimclip Info: Using driver 'tc-pdftex.def'.
 (/usr/local/texlive/2018/texmf-dist/tex/latex/adjustbox/tc-pdftex.def
File: tc-pdftex.def 2018/04/08 v2.1 Clipping driver for pdftex
))
\adjbox@Width=\dimen197
\adjbox@Height=\dimen198
\adjbox@Depth=\dimen199
\adjbox@Totalheight=\dimen256
\adjbox@pwidth=\dimen257
\adjbox@pheight=\dimen258
\adjbox@pdepth=\dimen259
\adjbox@ptotalheight=\dimen260
 (/usr/local/texlive/2018/texmf-dist/tex/latex/ifoddpage/ifoddpage.sty
Package: ifoddpage 2016/04/23 v1.1 Conditionals for odd/even page detection
\c@checkoddpage=\count143
) (/usr/local/texlive/2018/texmf-dist/tex/latex/varwidth/varwidth.sty
Package: varwidth 2009/03/30 ver 0.92;  Variable-width minipages
\@vwid@box=\box43
\sift@deathcycles=\count144
\@vwid@loff=\dimen261
\@vwid@roff=\dimen262
)) (/usr/local/texlive/2018/texmf-dist/tex/latex/multirow/multirow.sty
Package: multirow 2016/11/25 v2.2 Span multiple rows of a table
\multirow@colwidth=\skip61
\multirow@cntb=\count145
\multirow@dima=\skip62
\bigstrutjot=\dimen263
) (/usr/local/texlive/2018/texmf-dist/tex/latex/graphics/rotating.sty
Package: rotating 2016/08/11 v2.16d rotated objects in LaTeX
\c@r@tfl@t=\count146
\rotFPtop=\skip63
\rotFPbot=\skip64
\rot@float@box=\box44
\rot@mess@toks=\toks48
) (/usr/local/texlive/2018/texmf-dist/tex/latex/csquotes/csquotes.sty
Package: csquotes 2018/02/11 v5.2c context-sensitive quotations (JAW)
 (/usr/local/texlive/2018/texmf-dist/tex/latex/etoolbox/etoolbox.sty
Package: etoolbox 2018/02/11 v2.5e e-TeX tools for LaTeX (JAW)
\etb@tempcnta=\count147
)
\csq@reset=\count148
\csq@gtype=\count149
\csq@glevel=\count150
\csq@qlevel=\count151
\csq@maxlvl=\count152
\csq@tshold=\count153
\csq@ltx@everypar=\toks49
 (/usr/local/texlive/2018/texmf-dist/tex/latex/csquotes/csquotes.def
File: csquotes.def 2018/02/11 v5.2c csquotes generic definitions (JAW)
)
Package csquotes Info: Trying to load configuration file 'csquotes.cfg'...
Package csquotes Info: ... configuration file loaded successfully.
 (/usr/local/texlive/2018/texmf-dist/tex/latex/csquotes/csquotes.cfg
File: csquotes.cfg 
)
Package csquotes Info: Enabling multilingual quotes.
) (/usr/local/texlive/2018/texmf-dist/tex/latex/appendix/appendix.sty
Package: appendix 2009/09/02 v1.2b extra appendix facilities
\c@@pps=\count154
\c@@ppsavesec=\count155
\c@@ppsaveapp=\count156
)
   defining Unicode char U+20AC (decimal 8364)
 (/usr/local/texlive/2018/texmf-dist/tex/latex/biblatex/biblatex.sty
Package: biblatex 2018/03/04 v3.11 programmable bibliographies (PK/MW)
 (/usr/local/texlive/2018/texmf-dist/tex/generic/oberdiek/pdftexcmds.sty
Package: pdftexcmds 2018/01/30 v0.27 Utility functions of pdfTeX for LuaTeX (HO)
 (/usr/local/texlive/2018/texmf-dist/tex/generic/oberdiek/infwarerr.sty
Package: infwarerr 2016/05/16 v1.4 Providing info/warning/error messages (HO)
) (/usr/local/texlive/2018/texmf-dist/tex/generic/oberdiek/ifluatex.sty
Package: ifluatex 2016/05/16 v1.4 Provides the ifluatex switch (HO)
Package ifluatex Info: LuaTeX not detected.
) (/usr/local/texlive/2018/texmf-dist/tex/generic/oberdiek/ltxcmds.sty
Package: ltxcmds 2016/05/16 v1.23 LaTeX kernel commands for general use (HO)
) (/usr/local/texlive/2018/texmf-dist/tex/generic/oberdiek/ifpdf.sty
Package: ifpdf 2017/03/15 v3.2 Provides the ifpdf switch
)
Package pdftexcmds Info: LuaTeX not detected.
Package pdftexcmds Info: \pdf@primitive is available.
Package pdftexcmds Info: \pdf@ifprimitive is available.
Package pdftexcmds Info: \pdfdraftmode found.
) (/usr/local/texlive/2018/texmf-dist/tex/latex/oberdiek/kvoptions.sty
Package: kvoptions 2016/05/16 v3.12 Key value format for package options (HO)
 (/usr/local/texlive/2018/texmf-dist/tex/generic/oberdiek/kvsetkeys.sty
Package: kvsetkeys 2016/05/16 v1.17 Key value parser (HO)
 (/usr/local/texlive/2018/texmf-dist/tex/generic/oberdiek/etexcmds.sty
Package: etexcmds 2016/05/16 v1.6 Avoid name clashes with e-TeX commands (HO)
Package etexcmds Info: Could not find \expanded.
(etexcmds)             That can mean that you are not using pdfTeX 1.50 or
(etexcmds)             that some package has redefined \expanded.
(etexcmds)             In the latter case, load this package earlier.
))) (/usr/local/texlive/2018/texmf-dist/tex/latex/logreq/logreq.sty
Package: logreq 2010/08/04 v1.0 xml request logger
\lrq@indent=\count157
 (/usr/local/texlive/2018/texmf-dist/tex/latex/logreq/logreq.def
File: logreq.def 2010/08/04 v1.0 logreq spec v1.0
))
(/usr/local/texlive/2018/texmf-dist/tex/latex/url/url.sty
\Urlmuskip=\muskip11
Package: url 2013/09/16  ver 3.4  Verb mode for urls, etc.
) (/usr/local/texlive/2018/texmf-dist/tex/generic/xstring/xstring.sty (/usr/local/texlive/2018/texmf-dist/tex/generic/xstring/xstring.tex
\@xs@message=\write4
\integerpart=\count158
\decimalpart=\count159
)
Package: xstring 2013/10/13  v1.7c  String manipulations (C Tellechea)
)
\c@tabx@nest=\count160
\c@listtotal=\count161
\c@listcount=\count162
\c@liststart=\count163
\c@liststop=\count164
\c@citecount=\count165
\c@citetotal=\count166
\c@multicitecount=\count167
\c@multicitetotal=\count168
\c@instcount=\count169
\c@maxnames=\count170
\c@minnames=\count171
\c@maxitems=\count172
\c@minitems=\count173
\c@citecounter=\count174
\c@savedcitecounter=\count175
\c@uniquelist=\count176
\c@uniquename=\count177
\c@refsection=\count178
\c@refsegment=\count179
\c@maxextratitle=\count180
\c@maxextratitleyear=\count181
\c@maxextradate=\count182
\c@maxextraalpha=\count183
\c@abbrvpenalty=\count184
\c@highnamepenalty=\count185
\c@lownamepenalty=\count186
\c@maxparens=\count187
\c@parenlevel=\count188
\blx@tempcnta=\count189
\blx@tempcntb=\count190
\blx@tempcntc=\count191
\blx@maxsection=\count192
\blx@maxsegment@0=\count193
\blx@notetype=\count194
\blx@parenlevel@text=\count195
\blx@parenlevel@foot=\count196
\blx@sectionciteorder@0=\count197
\labelnumberwidth=\skip65
\labelalphawidth=\skip66
\biblabelsep=\skip67
\bibitemsep=\skip68
\bibnamesep=\skip69
\bibinitsep=\skip70
\bibparsep=\skip71
\bibhang=\skip72
\blx@bcfin=\read2
\blx@bcfout=\write5
\c@mincomprange=\count198
\c@maxcomprange=\count199
\c@mincompwidth=\count266
Package biblatex Info: Trying to load biblatex default data model...
Package biblatex Info: ... file 'blx-dm.def' found.
 (/usr/local/texlive/2018/texmf-dist/tex/latex/biblatex/blx-dm.def
File: blx-dm.def 2018/03/04 v3.11 biblatex localization (PK/MW)
)
Package biblatex Info: Trying to load biblatex style data model...
Package biblatex Info: ... file 'authoryear-comp.dbx' not found.
Package biblatex Info: Trying to load biblatex custom data model...
Package biblatex Info: ... file 'biblatex-dm.cfg' not found.
\c@afterword=\count267
\c@savedafterword=\count268
\c@annotator=\count269
\c@savedannotator=\count270
\c@author=\count271
\c@savedauthor=\count272
\c@bookauthor=\count273
\c@savedbookauthor=\count274
\c@commentator=\count275
\c@savedcommentator=\count276
\c@editor=\count277
\c@savededitor=\count278
\c@editora=\count279
\c@savededitora=\count280
\c@editorb=\count281
\c@savededitorb=\count282
\c@editorc=\count283
\c@savededitorc=\count284
\c@foreword=\count285
\c@savedforeword=\count286
\c@holder=\count287
\c@savedholder=\count288
\c@introduction=\count289
\c@savedintroduction=\count290
\c@namea=\count291
\c@savednamea=\count292
\c@nameb=\count293
\c@savednameb=\count294
\c@namec=\count295
\c@savednamec=\count296
\c@translator=\count297
\c@savedtranslator=\count298
\c@shortauthor=\count299
\c@savedshortauthor=\count300
\c@shorteditor=\count301
\c@savedshorteditor=\count302
\c@labelname=\count303
\c@savedlabelname=\count304
\c@institution=\count305
\c@savedinstitution=\count306
\c@lista=\count307
\c@savedlista=\count308
\c@listb=\count309
\c@savedlistb=\count310
\c@listc=\count311
\c@savedlistc=\count312
\c@listd=\count313
\c@savedlistd=\count314
\c@liste=\count315
\c@savedliste=\count316
\c@listf=\count317
\c@savedlistf=\count318
\c@location=\count319
\c@savedlocation=\count320
\c@organization=\count321
\c@savedorganization=\count322
\c@origlocation=\count323
\c@savedoriglocation=\count324
\c@origpublisher=\count325
\c@savedorigpublisher=\count326
\c@publisher=\count327
\c@savedpublisher=\count328
\c@language=\count329
\c@savedlanguage=\count330
\c@origlanguage=\count331
\c@savedoriglanguage=\count332
\c@pageref=\count333
\c@savedpageref=\count334
\shorthandwidth=\skip73
\shortjournalwidth=\skip74
\shortserieswidth=\skip75
\shorttitlewidth=\skip76
\shortauthorwidth=\skip77
\shorteditorwidth=\skip78
\locallabelnumberwidth=\skip79
\locallabelalphawidth=\skip80
\localshorthandwidth=\skip81
\localshortjournalwidth=\skip82
\localshortserieswidth=\skip83
\localshorttitlewidth=\skip84
\localshortauthorwidth=\skip85
\localshorteditorwidth=\skip86
Package biblatex Info: Trying to load compatibility code...
Package biblatex Info: ... file 'blx-compat.def' found.
 (/usr/local/texlive/2018/texmf-dist/tex/latex/biblatex/blx-compat.def
File: blx-compat.def 2018/03/04 v3.11 biblatex compatibility (PK/MW)
)
Package biblatex Info: Trying to load generic definitions...
Package biblatex Info: ... file 'biblatex.def' found.
 (/usr/local/texlive/2018/texmf-dist/tex/latex/biblatex/biblatex.def
File: biblatex.def 2018/03/04 v3.11 biblatex compatibility (PK/MW)
\c@textcitecount=\count335
\c@textcitetotal=\count336
\c@textcitemaxnames=\count337
\c@biburlnumpenalty=\count338
\c@biburlucpenalty=\count339
\c@biburllcpenalty=\count340
\c@smartand=\count341
)
Package biblatex Info: Trying to load natbib compatibility...
Package biblatex Info: ... file 'blx-natbib.def' found.
 (/usr/local/texlive/2018/texmf-dist/tex/latex/biblatex/blx-natbib.def
File: blx-natbib.def 2018/03/04 v3.11 biblatex compatibility (PK/MW)
)
Package biblatex Info: Trying to load bibliography style 'authoryear'...
Package biblatex Info: ... file 'authoryear.bbx' found.
 (/usr/local/texlive/2018/texmf-dist/tex/latex/biblatex/bbx/authoryear.bbx
File: authoryear.bbx 2018/03/04 v3.11 biblatex bibliography style (PK/MW)
Package biblatex Info: Trying to load bibliography style 'standard'...
Package biblatex Info: ... file 'standard.bbx' found.
 (/usr/local/texlive/2018/texmf-dist/tex/latex/biblatex/bbx/standard.bbx
File: standard.bbx 2018/03/04 v3.11 biblatex bibliography style (PK/MW)
\c@bbx:relatedcount=\count342
\c@bbx:relatedtotal=\count343
))
Package biblatex Info: Trying to load citation style 'authoryear-comp'...
Package biblatex Info: ... file 'authoryear-comp.cbx' found.
 (/usr/local/texlive/2018/texmf-dist/tex/latex/biblatex/cbx/authoryear-comp.cbx
File: authoryear-comp.cbx 2018/03/04 v3.11 biblatex citation style (PK/MW)
Package biblatex Info: Redefining '\cite'.
Package biblatex Info: Redefining '\parencite'.
Package biblatex Info: Redefining '\footcite'.
Package biblatex Info: Redefining '\footcitetext'.
Package biblatex Info: Redefining '\smartcite'.
Package biblatex Info: Redefining '\textcite'.
Package biblatex Info: Redefining '\textcites'.
Package biblatex Info: Redefining '\cites'.
Package biblatex Info: Redefining '\parencites'.
Package biblatex Info: Redefining '\footcites'.
Package biblatex Info: Redefining '\footcitetexts'.
Package biblatex Info: Redefining '\smartcites'.
)
Package biblatex Info: Trying to load configuration file...
Package biblatex Info: ... file 'biblatex.cfg' found.
 (/usr/local/texlive/2018/texmf-dist/tex/latex/biblatex/biblatex.cfg
File: biblatex.cfg 
))
Package csquotes Info: Checking for multilingual support...
Package csquotes Info: ... found 'babel' package.
Package biblatex Info: Trying to load language 'english'...
Package biblatex Info: ... file 'english.lbx' found.
 (/usr/local/texlive/2018/texmf-dist/tex/latex/biblatex/lbx/english.lbx
File: english.lbx 2018/03/04 v3.11 biblatex localization (PK/MW)
) (/Users/franzi/CloudStation_shared/Projekte/Marktabgrezung 2SM/published/.texpadtmp/Neu_jul17.aux)
\openout1 = `Neu_jul17.aux'.

LaTeX Font Info:    Checking defaults for OML/cmm/m/it on input line 35.
LaTeX Font Info:    ... okay on input line 35.
LaTeX Font Info:    Checking defaults for T1/cmr/m/n on input line 35.
LaTeX Font Info:    ... okay on input line 35.
LaTeX Font Info:    Checking defaults for OT1/cmr/m/n on input line 35.
LaTeX Font Info:    ... okay on input line 35.
LaTeX Font Info:    Checking defaults for OMS/cmsy/m/n on input line 35.
LaTeX Font Info:    ... okay on input line 35.
LaTeX Font Info:    Checking defaults for OMX/cmex/m/n on input line 35.
LaTeX Font Info:    ... okay on input line 35.
LaTeX Font Info:    Checking defaults for U/cmr/m/n on input line 35.
LaTeX Font Info:    ... okay on input line 35.
 (/usr/local/texlive/2018/texmf-dist/tex/context/base/mkii/supp-pdf.mkii
[Loading MPS to PDF converter (version 2006.09.02).]
\scratchcounter=\count344
\scratchdimen=\dimen264
\scratchbox=\box45
\nofMPsegments=\count345
\nofMParguments=\count346
\everyMPshowfont=\toks50
\MPscratchCnt=\count347
\MPscratchDim=\dimen265
\MPnumerator=\count348
\makeMPintoPDFobject=\count349
\everyMPtoPDFconversion=\toks51
) (/usr/local/texlive/2018/texmf-dist/tex/latex/oberdiek/epstopdf-base.sty
Package: epstopdf-base 2016/05/15 v2.6 Base part for package epstopdf
 (/usr/local/texlive/2018/texmf-dist/tex/latex/oberdiek/grfext.sty
Package: grfext 2016/05/16 v1.2 Manage graphics extensions (HO)
 (/usr/local/texlive/2018/texmf-dist/tex/generic/oberdiek/kvdefinekeys.sty
Package: kvdefinekeys 2016/05/16 v1.4 Define keys (HO)
))
Package epstopdf-base Info: Redefining graphics rule for `.eps' on input line 438.
Package grfext Info: Graphics extension search list:
(grfext)             [.pdf,.png,.jpg,.mps,.jpeg,.jbig2,.jb2,.PDF,.PNG,.JPG,.JPEG,.JBIG2,.JB2,.eps]
(grfext)             \AppendGraphicsExtensions on input line 456.
 (/usr/local/texlive/2018/texmf-dist/tex/latex/latexconfig/epstopdf-sys.cfg
File: epstopdf-sys.cfg 2010/07/13 v1.3 Configuration of (r)epstopdf for TeX Live
)) ABD: EveryShipout initializing macros

Package pgfplots Warning: running in backwards compatibility mode (unsuitable tick labels; missing features). Consider writing \pgfplotsset{compat=1.16} into your preamble.
 on input line 35.

Package caption Info: Begin \AtBeginDocument code.
Package caption Info: subfig package v1.3 is loaded.
Package caption Info: float package is loaded.
Package caption Info: rotating package is loaded.
Package caption Info: End \AtBeginDocument code.
Package biblatex Info: Input encoding 'utf8' detected.
Package biblatex Info: Automatic encoding selection.
(biblatex)             Assuming data encoding 'utf8'.
\openout5 = `Neu_jul17.bcf'.

Package biblatex Info: Trying to load bibliographic data...
Package biblatex Info: ... file 'Neu_jul17.bbl' found.
(/Users/franzi/CloudStation_shared/Projekte/Marktabgrezung 2SM/published/.texpadtmp/Neu_jul17.bbl)
Package biblatex Info: Reference section=0 on input line 35.
Package biblatex Info: Reference segment=0 on input line 35.
LaTeX Font Info:    Try loading font information for U+msa on input line 37.
 (/usr/local/texlive/2018/texmf-dist/tex/latex/amsfonts/umsa.fd
File: umsa.fd 2013/01/14 v3.01 AMS symbols A
)
LaTeX Font Info:    Try loading font information for U+msb on input line 37.
 (/usr/local/texlive/2018/texmf-dist/tex/latex/amsfonts/umsb.fd
File: umsb.fd 2013/01/14 v3.01 AMS symbols B
) [1

{/usr/local/texlive/2018/texmf-var/fonts/map/pdftex/updmap/pdftex.map}] [2] [3] [4] [5] [6] [7] [8]
./Neu_jul17.tex:194: Missing $ inserted.
<inserted text> 
                $
l.194 	
       
I've inserted a begin-math/end-math symbol since I think
you left one out. Proceed, with fingers crossed.

./Neu_jul17.tex:195: Missing $ inserted.
<inserted text> 
                $
l.195 $c_{i,t}$ = \begin{cases}
                               
I've inserted a begin-math/end-math symbol since I think
you left one out. Proceed, with fingers crossed.

./Neu_jul17.tex:196: Misplaced alignment tab character &.
<argument> if $t=1$&
                    
l.196 	m^a_1 &\text{if $t=1$&}
                               \\
I can't figure out why you would want to use a tab mark
here. If you just want an ampersand, the remedy is
simple: Just type `I\&' now. But if some right brace
up above has ended a previous alignment prematurely,
you're probably due for more error messages, and you
might try typing `S' now just to see what is salvageable.

./Neu_jul17.tex:196: Misplaced alignment tab character &.
<argument> \firstchoice@false if $t=1$&
                                       
l.196 	m^a_1 &\text{if $t=1$&}
                               \\
I can't figure out why you would want to use a tab mark
here. If you just want an ampersand, the remedy is
simple: Just type `I\&' now. But if some right brace
up above has ended a previous alignment prematurely,
you're probably due for more error messages, and you
might try typing `S' now just to see what is salvageable.

./Neu_jul17.tex:196: Misplaced alignment tab character &.
<argument> \firstchoice@false if $t=1$&
                                       
l.196 	m^a_1 &\text{if $t=1$&}
                               \\
I can't figure out why you would want to use a tab mark
here. If you just want an ampersand, the remedy is
simple: Just type `I\&' now. But if some right brace
up above has ended a previous alignment prematurely,
you're probably due for more error messages, and you
might try typing `S' now just to see what is salvageable.

./Neu_jul17.tex:196: Misplaced alignment tab character &.
<argument> \firstchoice@false if $t=1$&
                                       
l.196 	m^a_1 &\text{if $t=1$&}
                               \\
I can't figure out why you would want to use a tab mark
here. If you just want an ampersand, the remedy is
simple: Just type `I\&' now. But if some right brace
up above has ended a previous alignment prematurely,
you're probably due for more error messages, and you
might try typing `S' now just to see what is salvageable.

./Neu_jul17.tex:197: Misplaced alignment tab character &.
<argument> if $t>1$&
                    
l.197 ...+m^a_{2i,t} \cdot l^a_t &\text{if $t>1$&}
                                                  
I can't figure out why you would want to use a tab mark
here. If you just want an ampersand, the remedy is
simple: Just type `I\&' now. But if some right brace
up above has ended a previous alignment prematurely,
you're probably due for more error messages, and you
might try typing `S' now just to see what is salvageable.

./Neu_jul17.tex:197: Misplaced alignment tab character &.
<argument> \firstchoice@false if $t>1$&
                                       
l.197 ...+m^a_{2i,t} \cdot l^a_t &\text{if $t>1$&}
                                                  
I can't figure out why you would want to use a tab mark
here. If you just want an ampersand, the remedy is
simple: Just type `I\&' now. But if some right brace
up above has ended a previous alignment prematurely,
you're probably due for more error messages, and you
might try typing `S' now just to see what is salvageable.

./Neu_jul17.tex:197: Misplaced alignment tab character &.
<argument> \firstchoice@false if $t>1$&
                                       
l.197 ...+m^a_{2i,t} \cdot l^a_t &\text{if $t>1$&}
                                                  
I can't figure out why you would want to use a tab mark
here. If you just want an ampersand, the remedy is
simple: Just type `I\&' now. But if some right brace
up above has ended a previous alignment prematurely,
you're probably due for more error messages, and you
might try typing `S' now just to see what is salvageable.

./Neu_jul17.tex:197: Misplaced alignment tab character &.
<argument> \firstchoice@false if $t>1$&
                                       
l.197 ...+m^a_{2i,t} \cdot l^a_t &\text{if $t>1$&}
                                                  
I can't figure out why you would want to use a tab mark
here. If you just want an ampersand, the remedy is
simple: Just type `I\&' now. But if some right brace
up above has ended a previous alignment prematurely,
you're probably due for more error messages, and you
might try typing `S' now just to see what is salvageable.

./Neu_jul17.tex:198: Missing $ inserted.
<inserted text> 
                $
l.198 \end{cases}
                  \\
I've inserted something that you may have forgotten.
(See the <inserted text> above.)
With luck, this will get me unwedged. But if you
really didn't forget anything, try typing `2' now; then
my insertion and my current dilemma will both disappear.

./Neu_jul17.tex:198: Missing $ inserted.
<inserted text> 
                $
l.198 \end{cases} \\
                    
I've inserted a begin-math/end-math symbol since I think
you left one out. Proceed, with fingers crossed.

./Neu_jul17.tex:199: Missing $ inserted.
<inserted text> 
                $
l.199 
      
I've inserted a begin-math/end-math symbol since I think
you left one out. Proceed, with fingers crossed.

./Neu_jul17.tex:200: Missing $ inserted.
<inserted text> 
                $
l.200 $f_{i,t}$ = \begin{cases}
                               
I've inserted a begin-math/end-math symbol since I think
you left one out. Proceed, with fingers crossed.

./Neu_jul17.tex:201: Misplaced alignment tab character &.
<argument> if $t=1$&
                    
l.201 	m^a_1 &\text{if $t=1$&}
                               \\
I can't figure out why you would want to use a tab mark
here. If you just want an ampersand, the remedy is
simple: Just type `I\&' now. But if some right brace
up above has ended a previous alignment prematurely,
you're probably due for more error messages, and you
might try typing `S' now just to see what is salvageable.

./Neu_jul17.tex:201: Misplaced alignment tab character &.
<argument> \firstchoice@false if $t=1$&
                                       
l.201 	m^a_1 &\text{if $t=1$&}
                               \\
I can't figure out why you would want to use a tab mark
here. If you just want an ampersand, the remedy is
simple: Just type `I\&' now. But if some right brace
up above has ended a previous alignment prematurely,
you're probably due for more error messages, and you
might try typing `S' now just to see what is salvageable.

./Neu_jul17.tex:201: Misplaced alignment tab character &.
<argument> \firstchoice@false if $t=1$&
                                       
l.201 	m^a_1 &\text{if $t=1$&}
                               \\
I can't figure out why you would want to use a tab mark
here. If you just want an ampersand, the remedy is
simple: Just type `I\&' now. But if some right brace
up above has ended a previous alignment prematurely,
you're probably due for more error messages, and you
might try typing `S' now just to see what is salvageable.

./Neu_jul17.tex:201: Misplaced alignment tab character &.
<argument> \firstchoice@false if $t=1$&
                                       
l.201 	m^a_1 &\text{if $t=1$&}
                               \\
I can't figure out why you would want to use a tab mark
here. If you just want an ampersand, the remedy is
simple: Just type `I\&' now. But if some right brace
up above has ended a previous alignment prematurely,
you're probably due for more error messages, and you
might try typing `S' now just to see what is salvageable.

./Neu_jul17.tex:202: Misplaced alignment tab character &.
<argument> if $t>1$&
                    
l.202 ...+m^b_{2i,t} \cdot l^b_t &\text{if $t>1$&}
                                                  
I can't figure out why you would want to use a tab mark
here. If you just want an ampersand, the remedy is
simple: Just type `I\&' now. But if some right brace
up above has ended a previous alignment prematurely,
you're probably due for more error messages, and you
might try typing `S' now just to see what is salvageable.

./Neu_jul17.tex:202: Misplaced alignment tab character &.
<argument> \firstchoice@false if $t>1$&
                                       
l.202 ...+m^b_{2i,t} \cdot l^b_t &\text{if $t>1$&}
                                                  
I can't figure out why you would want to use a tab mark
here. If you just want an ampersand, the remedy is
simple: Just type `I\&' now. But if some right brace
up above has ended a previous alignment prematurely,
you're probably due for more error messages, and you
might try typing `S' now just to see what is salvageable.

./Neu_jul17.tex:202: Misplaced alignment tab character &.
<argument> \firstchoice@false if $t>1$&
                                       
l.202 ...+m^b_{2i,t} \cdot l^b_t &\text{if $t>1$&}
                                                  
I can't figure out why you would want to use a tab mark
here. If you just want an ampersand, the remedy is
simple: Just type `I\&' now. But if some right brace
up above has ended a previous alignment prematurely,
you're probably due for more error messages, and you
might try typing `S' now just to see what is salvageable.

./Neu_jul17.tex:202: Misplaced alignment tab character &.
<argument> \firstchoice@false if $t>1$&
                                       
l.202 ...+m^b_{2i,t} \cdot l^b_t &\text{if $t>1$&}
                                                  
I can't figure out why you would want to use a tab mark
here. If you just want an ampersand, the remedy is
simple: Just type `I\&' now. But if some right brace
up above has ended a previous alignment prematurely,
you're probably due for more error messages, and you
might try typing `S' now just to see what is salvageable.

./Neu_jul17.tex:203: Missing $ inserted.
<inserted text> 
                $
l.203 \end{cases}
                 
I've inserted something that you may have forgotten.
(See the <inserted text> above.)
With luck, this will get me unwedged. But if you
really didn't forget anything, try typing `2' now; then
my insertion and my current dilemma will both disappear.

./Neu_jul17.tex:204: Missing $ inserted.
<inserted text> 
                $
l.204 \end{gathered}
                    
I've inserted a begin-math/end-math symbol since I think
you left one out. Proceed, with fingers crossed.

[9]
./Neu_jul17.tex:211: Missing { inserted.
<inserted text> 
                {
l.211 ...2}, (\theta \cdot 10)^{-2}, m^k_3, 1}) \\
                                                  
I've put in what seems to be necessary to fix
the current column of the current alignment.
Try to go on, since this might almost work.

./Neu_jul17.tex:212: Missing { inserted.
<inserted text> 
                {
l.212 ...1}{2}, (\mu \cdot 10)^{-2}, m^k_3, 1}) \\
                                                  
I've put in what seems to be necessary to fix
the current column of the current alignment.
Try to go on, since this might almost work.

[10]
<../figs/qqmatrix.jpeg, id=52, 1806.75pt x 1806.75pt>
File: ../figs/qqmatrix.jpeg Graphic file (type jpg)
<use ../figs/qqmatrix.jpeg>
Package pdftex.def Info: ../figs/qqmatrix.jpeg  used on input line 234.
(pdftex.def)             Requested size: 272.99881pt x 272.98575pt.
 [11]
<../figs/qqplot.jpeg, id=56, 2107.875pt x 1806.75pt>
File: ../figs/qqplot.jpeg Graphic file (type jpg)
<use ../figs/qqplot.jpeg>
Package pdftex.def Info: ../figs/qqplot.jpeg  used on input line 241.
(pdftex.def)             Requested size: 272.99881pt x 233.97597pt.
 [12 <../figs/qqmatrix.jpeg> <../figs/qqplot.jpeg>] [13]
./Neu_jul17.tex:289: Undefined control sequence.
l.289 \todo
           {compare with benchmark /new simulations}
The control sequence at the end of the top line
of your error message was never \def'ed. If you have
misspelled it (e.g., `\hobx'), type `I' and the correct
spelling (e.g., `I\hbox'). Otherwise just continue,
and I'll forget about whatever was undefined.


Overfull \hbox (14.41673pt too wide) in paragraph at lines 289--291
\OT1/cmr/m/n/12 FO-CUS and Stern does not dif-fer sig-nif-i-cantly re-gard-ing their socio-demographic
 []

[14] [15]
<../figs/sales_fss.pdf, id=70, 578.16pt x 433.62pt>
File: ../figs/sales_fss.pdf Graphic file (type pdf)
<use ../figs/sales_fss.pdf>
Package pdftex.def Info: ../figs/sales_fss.pdf  used on input line 299.
(pdftex.def)             Requested size: 173.44933pt x 130.087pt.
<../figs/ads_fss.pdf, id=71, 578.16pt x 433.62pt>
File: ../figs/ads_fss.pdf Graphic file (type pdf)
<use ../figs/ads_fss.pdf>
Package pdftex.def Info: ../figs/ads_fss.pdf  used on input line 300.
(pdftex.def)             Requested size: 173.44933pt x 130.087pt.
<../figs/sales_tv.pdf, id=72, 578.16pt x 433.62pt>
File: ../figs/sales_tv.pdf Graphic file (type pdf)
<use ../figs/sales_tv.pdf>
Package pdftex.def Info: ../figs/sales_tv.pdf  used on input line 318.
(pdftex.def)             Requested size: 173.44933pt x 130.087pt.
<../figs/ads_tv.pdf, id=73, 578.16pt x 433.62pt>
File: ../figs/ads_tv.pdf Graphic file (type pdf)
<use ../figs/ads_tv.pdf>
Package pdftex.def Info: ../figs/ads_tv.pdf  used on input line 319.
(pdftex.def)             Requested size: 173.44933pt x 130.087pt.
 [16 <../figs/sales_fss.pdf> <../figs/ads_fss.pdf>]
./Neu_jul17.tex:325: Undefined control sequence.
l.325 \todo
           {state new results}
The control sequence at the end of the top line
of your error message was never \def'ed. If you have
misspelled it (e.g., `\hobx'), type `I' and the correct
spelling (e.g., `I\hbox'). Otherwise just continue,
and I'll forget about whatever was undefined.

<../figs/sales_women.pdf, id=87, 578.16pt x 433.62pt>
File: ../figs/sales_women.pdf Graphic file (type pdf)
<use ../figs/sales_women.pdf>
Package pdftex.def Info: ../figs/sales_women.pdf  used on input line 334.
(pdftex.def)             Requested size: 173.44933pt x 130.087pt.
<../figs/ads_women.pdf, id=88, 578.16pt x 433.62pt>
File: ../figs/ads_women.pdf Graphic file (type pdf)
<use ../figs/ads_women.pdf>
Package pdftex.def Info: ../figs/ads_women.pdf  used on input line 335.
(pdftex.def)             Requested size: 173.44933pt x 130.087pt.
[17 <../figs/sales_tv.pdf> <../figs/ads_tv.pdf>]
<../figs/ccf_sales_fss.pdf, id=102, 505.89pt x 505.89pt>
File: ../figs/ccf_sales_fss.pdf Graphic file (type pdf)
<use ../figs/ccf_sales_fss.pdf>
Package pdftex.def Info: ../figs/ccf_sales_fss.pdf  used on input line 358.
(pdftex.def)             Requested size: 252.94437pt x 252.94437pt.
 [18 <../figs/sales_women.pdf> <../figs/ads_women.pdf>] [19 <../figs/ccf_sales_fss.pdf>]
<../figs/ccf_ads_fss.pdf, id=128, 505.89pt x 505.89pt>
File: ../figs/ccf_ads_fss.pdf Graphic file (type pdf)
<use ../figs/ccf_ads_fss.pdf>
Package pdftex.def Info: ../figs/ccf_ads_fss.pdf  used on input line 368.
(pdftex.def)             Requested size: 252.94437pt x 252.94437pt.
 [20 <../figs/ccf_ads_fss.pdf>]
<../figs/qq_sales_fss.jpeg, id=138, 1505.625pt x 1204.5pt>
File: ../figs/qq_sales_fss.jpeg Graphic file (type jpg)
<use ../figs/qq_sales_fss.jpeg>
Package pdftex.def Info: ../figs/qq_sales_fss.jpeg  used on input line 413.
(pdftex.def)             Requested size: 195.0pt x 155.98398pt.
<../figs/qq_ads_fss.jpeg, id=139, 1204.5pt x 1204.5pt>
File: ../figs/qq_ads_fss.jpeg Graphic file (type jpg)
<use ../figs/qq_ads_fss.jpeg>
Package pdftex.def Info: ../figs/qq_ads_fss.jpeg  used on input line 414.
(pdftex.def)             Requested size: 155.99762pt x 155.98398pt.
 [21] [22 <../figs/qq_sales_fss.jpeg> <../figs/qq_ads_fss.jpeg>]
<../figs/ccf_tv.pdf, id=146, 505.89pt x 505.89pt>
File: ../figs/ccf_tv.pdf Graphic file (type pdf)
<use ../figs/ccf_tv.pdf>
Package pdftex.def Info: ../figs/ccf_tv.pdf  used on input line 434.
(pdftex.def)             Requested size: 252.94437pt x 252.94437pt.
 [23 <../figs/ccf_tv.pdf>]
<../figs/ccf_women.pdf, id=156, 505.89pt x 505.89pt>
File: ../figs/ccf_women.pdf Graphic file (type pdf)
<use ../figs/ccf_women.pdf>
Package pdftex.def Info: ../figs/ccf_women.pdf  used on input line 447.
(pdftex.def)             Requested size: 252.94437pt x 252.94437pt.

./Neu_jul17.tex:454: Undefined control sequence.
l.454 \todo
           {estimate this}
The control sequence at the end of the top line
of your error message was never \def'ed. If you have
misspelled it (e.g., `\hobx'), type `I' and the correct
spelling (e.g., `I\hbox'). Otherwise just continue,
and I'll forget about whatever was undefined.

[24 <../figs/ccf_women.pdf>] [25] [26]
Overfull \hbox (2.4217pt too wide) in paragraph at lines 474--474
[][]\OT1/cmr/m/n/12 Armstrong, Mark (2006). \  Com-pe-ti-tion in two-sided mar-kets". In: \OT1/cmr/m/it/12 The RAND
 []


Overfull \hbox (3.31165pt too wide) in paragraph at lines 474--474
[][]\OT1/cmr/m/n/12 Dewenter, Ralf (Jan. 2004). \OT1/cmr/m/it/12 Es-says on In-ter-re-lated Me-dia Mar-kets\OT1/cmr/m/n/12 . en. Google-
 []

[27]
Overfull \hbox (5.87086pt too wide) in paragraph at lines 474--474
\OT1/cmtt/m/n/12 repec . org / p / frz / wpaper / wp2013 _ 05 . rdf . html$ \OT1/cmr/m/n/12 (vis-ited on 08/11/2016). 
 []

[28]
Overfull \hbox (17.20088pt too wide) in paragraph at lines 474--474
\OT1/cmr/m/it/12 Ti-tel-seit-engestal-tung poli-tis-cher Pub-likum-szeitschriften auf die Einzelverkauf-
 []


Overfull \hbox (7.223pt too wide) in paragraph at lines 474--474
\OT1/cmr/m/it/12 Open So-ci-ety Foun-da-tions\OT1/cmr/m/n/12 . \OT1/cmr/m/sc/12 url\OT1/cmr/m/n/12 : $\OT1/cmtt/m/n/12 https : / / www . opensocietyfoundations .
 []

[29]
Overfull \hbox (10.99599pt too wide) in paragraph at lines 474--474
\OT1/cmr/m/n/12 In: \OT1/cmr/m/it/12 Bell Jour-nal of Eco-nomics \OT1/cmr/m/n/12 10.1, pp. 141{156. \OT1/cmr/m/sc/12 url\OT1/cmr/m/n/12 : $\OT1/cmtt/m/n/12 http : / / econpapers .
 []

[30]
<../figs/arima_circ_fss1.pdf, id=189, 663.47874pt x 450.68375pt>
File: ../figs/arima_circ_fss1.pdf Graphic file (type pdf)
<use ../figs/arima_circ_fss1.pdf>
Package pdftex.def Info: ../figs/arima_circ_fss1.pdf  used on input line 489.
(pdftex.def)             Requested size: 199.04515pt x 135.20616pt.
<../figs/arima_circ_fss2.pdf, id=190, 663.47874pt x 450.68375pt>
File: ../figs/arima_circ_fss2.pdf Graphic file (type pdf)
<use ../figs/arima_circ_fss2.pdf>
Package pdftex.def Info: ../figs/arima_circ_fss2.pdf  used on input line 490.
(pdftex.def)             Requested size: 199.04515pt x 135.20616pt.

Overfull \hbox (8.0903pt too wide) in paragraph at lines 489--492
 [][][][] 
 []

<../figs/arima_ads_fss1.pdf, id=191, 578.16pt x 433.62pt>
File: ../figs/arima_ads_fss1.pdf Graphic file (type pdf)
<use ../figs/arima_ads_fss1.pdf>
Package pdftex.def Info: ../figs/arima_ads_fss1.pdf  used on input line 497.
(pdftex.def)             Requested size: 173.44933pt x 130.087pt.
<../figs/arima_ads_fss2.pdf, id=192, 578.16pt x 433.62pt>
File: ../figs/arima_ads_fss2.pdf Graphic file (type pdf)
<use ../figs/arima_ads_fss2.pdf>
Package pdftex.def Info: ../figs/arima_ads_fss2.pdf  used on input line 498.
(pdftex.def)             Requested size: 173.44933pt x 130.087pt.
<../figs/arima_sales_tv.pdf, id=193, 578.16pt x 433.62pt>
File: ../figs/arima_sales_tv.pdf Graphic file (type pdf)
<use ../figs/arima_sales_tv.pdf>
Package pdftex.def Info: ../figs/arima_sales_tv.pdf  used on input line 505.
(pdftex.def)             Requested size: 173.44933pt x 130.087pt.
<../figs/arima_ads_tv.pdf, id=194, 578.16pt x 433.62pt>
File: ../figs/arima_ads_tv.pdf Graphic file (type pdf)
<use ../figs/arima_ads_tv.pdf>
Package pdftex.def Info: ../figs/arima_ads_tv.pdf  used on input line 506.
(pdftex.def)             Requested size: 173.44933pt x 130.087pt.
[31 <../figs/arima_circ_fss1.pdf> <../figs/arima_circ_fss2.pdf> <../figs/arima_ads_fss1.pdf> <../figs/arima_ads_fss2.pdf>]
<../figs/arima_sales_women.pdf, id=219, 578.16pt x 433.62pt>
File: ../figs/arima_sales_women.pdf Graphic file (type pdf)
<use ../figs/arima_sales_women.pdf>
Package pdftex.def Info: ../figs/arima_sales_women.pdf  used on input line 513.
(pdftex.def)             Requested size: 173.44933pt x 130.087pt.
<../figs/arima_ads_women.pdf, id=220, 578.16pt x 433.62pt>
File: ../figs/arima_ads_women.pdf Graphic file (type pdf)
<use ../figs/arima_ads_women.pdf>
Package pdftex.def Info: ../figs/arima_ads_women.pdf  used on input line 514.
(pdftex.def)             Requested size: 173.44933pt x 130.087pt.
 [32 <../figs/arima_sales_tv.pdf> <../figs/arima_ads_tv.pdf> <../figs/arima_sales_women.pdf> <../figs/arima_ads_women.pdf>] (/Users/franzi/CloudStation_shared/Projekte/Marktabgrezung 2SM/published/.texpadtmp/Neu_jul17.aux)
Package logreq Info: Writing requests to 'Neu_jul17.run.xml'.
\openout1 = `Neu_jul17.run.xml'.

 ) 
Here is how much of TeX's memory you used:
 34043 strings out of 492649
 798849 string characters out of 6129622
 1299570 words of memory out of 5000000
 37330 multiletter control sequences out of 15000+600000
 15079 words of font info for 58 fonts, out of 8000000 for 9000
 1141 hyphenation exceptions out of 8191
 62i,17n,96p,2735b,1756s stack positions out of 5000i,500n,10000p,200000b,80000s
</usr/local/texlive/2018/texmf-dist/fonts/type1/public/amsfonts/cm/cmbx10.pfb></usr/local/texlive/2018/texmf-dist/fonts/type1/public/amsfonts/cm/cmbx12.pfb></usr/local/texlive/2018/texmf-dist/fonts/type1/public/amsfonts/cm/cmcsc10.pfb></usr/local/texlive/2018/texmf-dist/fonts/type1/public/amsfonts/cm/cmex10.pfb></usr/local/texlive/2018/texmf-dist/fonts/type1/public/amsfonts/cm/cmmi10.pfb></usr/local/texlive/2018/texmf-dist/fonts/type1/public/amsfonts/cm/cmmi12.pfb></usr/local/texlive/2018/texmf-dist/fonts/type1/public/amsfonts/cm/cmmi6.pfb></usr/local/texlive/2018/texmf-dist/fonts/type1/public/amsfonts/cm/cmmi7.pfb></usr/local/texlive/2018/texmf-dist/fonts/type1/public/amsfonts/cm/cmmi8.pfb></usr/local/texlive/2018/texmf-dist/fonts/type1/public/amsfonts/cm/cmr10.pfb></usr/local/texlive/2018/texmf-dist/fonts/type1/public/amsfonts/cm/cmr12.pfb></usr/local/texlive/2018/texmf-dist/fonts/type1/public/amsfonts/cm/cmr17.pfb></usr/local/texlive/2018/texmf-dist/fonts/type1/public/amsfonts/cm/cmr6.pfb></usr/local/texlive/2018/texmf-dist/fonts/type1/public/amsfonts/cm/cmr7.pfb></usr/local/texlive/2018/texmf-dist/fonts/type1/public/amsfonts/cm/cmr8.pfb></usr/local/texlive/2018/texmf-dist/fonts/type1/public/amsfonts/cm/cmsy10.pfb></usr/local/texlive/2018/texmf-dist/fonts/type1/public/amsfonts/cm/cmsy7.pfb></usr/local/texlive/2018/texmf-dist/fonts/type1/public/amsfonts/cm/cmsy8.pfb></usr/local/texlive/2018/texmf-dist/fonts/type1/public/amsfonts/cm/cmti12.pfb></usr/local/texlive/2018/texmf-dist/fonts/type1/public/amsfonts/cm/cmtt12.pfb>
Output written on "/Users/franzi/CloudStation_shared/Projekte/Marktabgrezung 2SM/published/.texpadtmp/Neu_jul17.pdf" (32 pages, 1493568 bytes).
PDF statistics:
 308 PDF objects out of 1000 (max. 8388607)
 211 compressed objects within 3 object streams
 0 named destinations out of 1000 (max. 500000)
 123 words of extra memory for PDF output out of 10000 (max. 10000000)

